==============================
DATE: 03/19/25 TIME:14:15:43
1
/users/seth/documents
==============================
DATE: 03/19/25 TIME:14:17:44
2
../9io457
~/documents
==============================
DATE: 03/19/25 TIME:14:18:37
3
~/downloads/images
==============================
DATE: 03/19/25 TIME:14:18:52
4
~/downloads/images
==============================
DATE: 03/19/25 TIME:14:19:14
5
~/documents/9io457
.sh
==============================
DATE: 03/19/25 TIME:14:20:16
5
~/documents/cadt
year
==============================
DATE: 03/19/25 TIME:14:20:54
6
one.sh two.sh ../images
==============================
DATE: 03/19/25 TIME:14:25:37
6
../operating-system-script-project
==============================
DATE: 03/25/25 TIME:21:43:03
1
../../ 
